  main.cpp
c:\users\ali abbas school\desktop\c++\ball game retry\ball game\ball game\main.cpp(12): warning C4305: 'initializing': truncation from 'double' to 'float'
c:\users\ali abbas school\desktop\c++\ball game retry\ball game\ball game\main.cpp(13): warning C4305: 'initializing': truncation from 'double' to 'float'
c:\users\ali abbas school\desktop\c++\ball game retry\ball game\ball game\main.cpp(15): warning C4305: 'initializing': truncation from 'double' to 'float'
c:\users\ali abbas school\desktop\c++\ball game retry\ball game\ball game\main.cpp(24): warning C4305: 'initializing': truncation from 'double' to 'float'
c:\users\ali abbas school\desktop\c++\ball game retry\ball game\ball game\main.cpp(56): warning C4244: 'argument': conversion from 'T' to 'T', possible loss of data
          with
          [
              T=unsigned int
          ]
          and
          [
              T=float
          ]
c:\users\ali abbas school\desktop\c++\ball game retry\ball game\ball game\main.cpp(57): warning C4244: 'argument': conversion from 'int' to 'T', possible loss of data
          with
          [
              T=float
          ]
c:\users\ali abbas school\desktop\c++\ball game retry\ball game\ball game\main.cpp(82): warning C4244: 'argument': conversion from 'int' to 'float', possible loss of data
c:\users\ali abbas school\desktop\c++\ball game retry\ball game\ball game\main.cpp(95): warning C4244: 'argument': conversion from 'int' to 'float', possible loss of data
c:\users\ali abbas school\desktop\c++\ball game retry\ball game\ball game\main.cpp(190): warning C4244: 'argument': conversion from 'int' to 'float', possible loss of data
c:\users\ali abbas school\desktop\c++\ball game retry\ball game\ball game\main.cpp(216): warning C4018: '<': signed/unsigned mismatch
c:\users\ali abbas school\desktop\c++\ball game retry\ball game\ball game\main.cpp(217): warning C4018: '<': signed/unsigned mismatch
c:\users\ali abbas school\desktop\c++\ball game retry\ball game\ball game\main.cpp(225): warning C4305: '=': truncation from 'double' to 'float'
c:\users\ali abbas school\desktop\c++\ball game retry\ball game\ball game\main.cpp(251): warning C4018: '<': signed/unsigned mismatch
c:\users\ali abbas school\desktop\c++\ball game retry\ball game\ball game\main.cpp(252): warning C4018: '<': signed/unsigned mismatch
c:\users\ali abbas school\desktop\c++\ball game retry\ball game\ball game\main.cpp(267): warning C4244: 'argument': conversion from 'int' to 'float', possible loss of data
  Generating code
  All 573 functions were compiled because no usable IPDB/IOBJ from previous compilation was found.
  Finished generating code
  Ball game.vcxproj -> C:\Users\Ali Abbas School\Desktop\c++\ball game retry\Ball game\Release\Ball game.exe
