  main.cpp
E:\Programming Projects\School\OpenGLProject\header\classDefines.h(45): warning C4244: 'initializing': conversion from 'int' to 'float', possible loss of data
E:\Programming Projects\School\OpenGLProject\header\classDefines.h(46): warning C4244: 'initializing': conversion from 'int' to 'float', possible loss of data
E:\Programming Projects\School\OpenGLProject\header\classDefines.h(120): warning C4305: 'initializing': truncation from 'double' to 'float'
E:\Programming Projects\School\OpenGLProject\main.cpp(97): warning C4244: 'initializing': conversion from 'double' to 'float', possible loss of data
E:\Programming Projects\School\OpenGLProject\main.cpp(164): warning C4244: '=': conversion from 'int' to 'T', possible loss of data
          with
          [
              T=float
          ]
E:\Programming Projects\School\OpenGLProject\main.cpp(165): warning C4244: '=': conversion from 'int' to 'T', possible loss of data
          with
          [
              T=float
          ]
E:\Programming Projects\School\OpenGLProject\main.cpp(166): warning C4244: '=': conversion from 'int' to 'T', possible loss of data
          with
          [
              T=float
          ]
E:\Programming Projects\School\OpenGLProject\main.cpp(167): warning C4244: '=': conversion from 'int' to 'T', possible loss of data
          with
          [
              T=float
          ]
  Generating code
  4 of 885 functions ( 0.5%) were compiled, the rest were copied from previous compilation.
    0 functions were new in current compilation
    10 functions had inline decision re-evaluated but remain unchanged
  Finished generating code
  Project.vcxproj -> E:\Programming Projects\School\OpenGLProject\Release\Project.exe
