  gameFuncs.cpp
  mainInitFuncs.cpp
  scoreboardFuncs.cpp
  main.cpp
c:\users\ali abbas school\desktop\c++\ball game retry\ball game\ball game\main.cpp(11): warning C4305: 'initializing': truncation from 'double' to 'float'
c:\users\ali abbas school\desktop\c++\ball game retry\ball game\ball game\main.cpp(12): warning C4305: 'initializing': truncation from 'double' to 'float'
c:\users\ali abbas school\desktop\c++\ball game retry\ball game\ball game\main.cpp(14): warning C4305: 'initializing': truncation from 'double' to 'float'
c:\users\ali abbas school\desktop\c++\ball game retry\ball game\ball game\main.cpp(20): warning C4305: 'initializing': truncation from 'double' to 'float'
c:\users\ali abbas school\desktop\c++\ball game retry\ball game\ball game\main.cpp(50): warning C4244: 'argument': conversion from 'T' to 'T', possible loss of data
          with
          [
              T=unsigned int
          ]
          and
          [
              T=float
          ]
c:\users\ali abbas school\desktop\c++\ball game retry\ball game\ball game\main.cpp(51): warning C4244: 'argument': conversion from 'int' to 'T', possible loss of data
          with
          [
              T=float
          ]
c:\users\ali abbas school\desktop\c++\ball game retry\ball game\ball game\main.cpp(69): warning C4244: 'argument': conversion from 'int' to 'float', possible loss of data
c:\users\ali abbas school\desktop\c++\ball game retry\ball game\ball game\main.cpp(158): warning C4018: '<': signed/unsigned mismatch
c:\users\ali abbas school\desktop\c++\ball game retry\ball game\ball game\main.cpp(159): warning C4018: '<': signed/unsigned mismatch
c:\users\ali abbas school\desktop\c++\ball game retry\ball game\ball game\main.cpp(180): warning C4018: '<': signed/unsigned mismatch
c:\users\ali abbas school\desktop\c++\ball game retry\ball game\ball game\main.cpp(181): warning C4018: '<': signed/unsigned mismatch
  Generating Code...
  Ball game.vcxproj -> C:\Users\Ali Abbas School\Desktop\c++\ball game retry\Ball game\Debug\Ball game.exe
